<?xml version="1.0" encoding="UTF-8"?>
<!-- Generated by org.testng.reporters.JUnitXMLReporter -->
<testsuite ignored="2" hostname="Chetan" failures="0" tests="2" name="Test" time="48.985" errors="0" timestamp="2022-01-18T22:12:43 IST">
  <testcase classname="PurchaseorderTest.CreatePurchaseOrderWithItemWithoutEnteringQTYTest" name="createPurch" time="10.166"/>
  <testcase classname="PurchaseorderTest.CreatePurchaseOrderWithItemDeleteTest" name="createpurchasewithItemDelete" time="10.574"/>
  <testcase classname="com.crm.comcast.GenericUtility.BaseClass" name="@BeforeSuite configBs" time="0.0">
    <ignored/>
  </testcase> <!-- @BeforeSuite configBs -->
  <testcase classname="com.crm.comcast.GenericUtility.BaseClass" name="@AfterSuite configAs" time="0.0">
    <ignored/>
  </testcase> <!-- @AfterSuite configAs -->
</testsuite> <!-- Test -->
