<?xml version="1.0" encoding="UTF-8"?>
<testng-results ignored="0" total="1" passed="1" failed="0" skipped="0">
  <reporter-output>
  </reporter-output>
  <suite started-at="2022-01-20T05:45:53 IST" name="Default suite" finished-at="2022-01-20T05:46:19 IST" duration-ms="25431">
    <groups>
      <group name="regressionTest">
        <method signature="CreatePurchaseOrderWithItemWithoutEnteringQTYTest.createPurch()[pri:0, instance:PurchaseorderTest.CreatePurchaseOrderWithItemWithoutEnteringQTYTest@1af2d44a]" name="createPurch" class="PurchaseorderTest.CreatePurchaseOrderWithItemWithoutEnteringQTYTest"/>
      </group> <!-- regressionTest -->
    </groups>
    <test started-at="2022-01-20T05:45:53 IST" name="Default test" finished-at="2022-01-20T05:46:19 IST" duration-ms="25431">
      <class name="PurchaseorderTest.CreatePurchaseOrderWithItemWithoutEnteringQTYTest">
        <test-method is-config="true" signature="configBs()[pri:0, instance:PurchaseorderTest.CreatePurchaseOrderWithItemWithoutEnteringQTYTest@1af2d44a]" started-at="2022-01-20T05:45:53 IST" name="configBs" finished-at="2022-01-20T05:45:53 IST" duration-ms="15" status="PASS">
          <reporter-output>
          </reporter-output>
        </test-method> <!-- configBs -->
        <test-method is-config="true" signature="configBc()[pri:0, instance:PurchaseorderTest.CreatePurchaseOrderWithItemWithoutEnteringQTYTest@1af2d44a]" started-at="2022-01-20T05:45:53 IST" name="configBc" finished-at="2022-01-20T05:46:01 IST" duration-ms="7468" status="PASS">
          <reporter-output>
          </reporter-output>
        </test-method> <!-- configBc -->
        <test-method is-config="true" signature="configBm()[pri:0, instance:PurchaseorderTest.CreatePurchaseOrderWithItemWithoutEnteringQTYTest@1af2d44a]" started-at="2022-01-20T05:46:01 IST" name="configBm" finished-at="2022-01-20T05:46:07 IST" duration-ms="5829" status="PASS">
          <reporter-output>
          </reporter-output>
        </test-method> <!-- configBm -->
        <test-method signature="createPurch()[pri:0, instance:PurchaseorderTest.CreatePurchaseOrderWithItemWithoutEnteringQTYTest@1af2d44a]" started-at="2022-01-20T05:46:07 IST" name="createPurch" finished-at="2022-01-20T05:46:16 IST" duration-ms="9055" status="PASS">
          <reporter-output>
          </reporter-output>
        </test-method> <!-- createPurch -->
        <test-method is-config="true" signature="configAm()[pri:0, instance:PurchaseorderTest.CreatePurchaseOrderWithItemWithoutEnteringQTYTest@1af2d44a]" started-at="2022-01-20T05:46:16 IST" name="configAm" finished-at="2022-01-20T05:46:18 IST" duration-ms="2452" status="PASS">
          <reporter-output>
          </reporter-output>
        </test-method> <!-- configAm -->
        <test-method is-config="true" signature="configAc()[pri:0, instance:PurchaseorderTest.CreatePurchaseOrderWithItemWithoutEnteringQTYTest@1af2d44a]" started-at="2022-01-20T05:46:18 IST" name="configAc" finished-at="2022-01-20T05:46:19 IST" duration-ms="503" status="PASS">
          <reporter-output>
          </reporter-output>
        </test-method> <!-- configAc -->
        <test-method is-config="true" signature="configAs()[pri:0, instance:PurchaseorderTest.CreatePurchaseOrderWithItemWithoutEnteringQTYTest@1af2d44a]" started-at="2022-01-20T05:46:19 IST" name="configAs" finished-at="2022-01-20T05:46:19 IST" duration-ms="0" status="PASS">
          <reporter-output>
          </reporter-output>
        </test-method> <!-- configAs -->
      </class> <!-- PurchaseorderTest.CreatePurchaseOrderWithItemWithoutEnteringQTYTest -->
    </test> <!-- Default test -->
  </suite> <!-- Default suite -->
</testng-results>
